<?xml version="1.0" encoding="UTF-8" standalone="yes"?><!DOCTYPE report PUBLIC "-//JACOCO//DTD Report 1.1//EN" "report.dtd"><report name="oshi-core"><sessioninfo id="Daniels-MacBook-Pro-2.local-afdc232f" start="1589492591051" dump="1589492592521"/><sessioninfo id="Daniels-MacBook-Pro-2.local-638e151a" start="1589492591052" dump="1589492596243"/><sessioninfo id="Daniels-MacBook-Pro-2.local-3cf6dffc" start="1589492591052" dump="1589492658061"/><sessioninfo id="Daniels-MacBook-Pro-2.local-a3843870" start="1589492679256" dump="1589492680956"/><sessioninfo id="Daniels-MacBook-Pro-2.local-3b404792" start="1589492679257" dump="1589492692011"/><sessioninfo id="Daniels-MacBook-Pro-2.local-b7fe6118" start="1589492679256" dump="1589492743598"/></report>